<?xml version="1.0" encoding="UTF-8"?>
<!-- Generated by org.testng.reporters.JUnitXMLReporter -->
<testsuite hostname="ASPIRE620" ignored="0" name="Default test" tests="3" failures="0" timestamp="14 Mar 2018 06:36:06 GMT" time="45.446" errors="0">
  <testcase name="f1" time="2.026" classname="BasicConcepts.AnnotationConcepts"/>
  <testcase name="f2" time="12.567" classname="BasicConcepts.AnnotationConcepts"/>
  <testcase name="f3" time="9.963" classname="BasicConcepts.AnnotationConcepts"/>
</testsuite> <!-- Default test -->
