<?xml version="1.0" encoding="UTF-8"?>
<!-- Generated by org.testng.reporters.JUnitXMLReporter -->
<testsuite hostname="ASPIRE620" ignored="0" name="Default test" tests="3" failures="0" timestamp="13 Mar 2018 09:26:02 GMT" time="0.076" errors="0">
  <testcase name="f1" time="0.01" classname="BasicConcepts.AnnotationConcepts"/>
  <testcase name="f2" time="0.002" classname="BasicConcepts.AnnotationConcepts"/>
  <testcase name="f3" time="0.001" classname="BasicConcepts.AnnotationConcepts"/>
</testsuite> <!-- Default test -->
