<?xml version="1.0" encoding="UTF-8"?>
<testng-results skipped="0" failed="0" ignored="0" total="3" passed="3">
  <reporter-output>
  </reporter-output>
  <suite name="Default suite" duration-ms="45446" started-at="2018-03-14T06:35:21Z" finished-at="2018-03-14T06:36:06Z">
    <groups>
    </groups>
    <test name="Default test" duration-ms="45446" started-at="2018-03-14T06:35:21Z" finished-at="2018-03-14T06:36:06Z">
      <class name="BasicConcepts.AnnotationConcepts">
        <test-method status="PASS" signature="beforeSuite()[pri:0, instance:BasicConcepts.AnnotationConcepts@5e5792a0]" name="beforeSuite" is-config="true" duration-ms="4593" started-at="2018-03-14T06:35:16Z" finished-at="2018-03-14T06:35:21Z">
          <reporter-output>
          </reporter-output>
        </test-method> <!-- beforeSuite -->
        <test-method status="PASS" signature="beforeTest()[pri:0, instance:BasicConcepts.AnnotationConcepts@5e5792a0]" name="beforeTest" is-config="true" duration-ms="1025" started-at="2018-03-14T06:35:21Z" finished-at="2018-03-14T06:35:22Z">
          <reporter-output>
          </reporter-output>
        </test-method> <!-- beforeTest -->
        <test-method status="PASS" signature="beforeClass()[pri:0, instance:BasicConcepts.AnnotationConcepts@5e5792a0]" name="beforeClass" is-config="true" duration-ms="0" started-at="2018-03-14T06:35:22Z" finished-at="2018-03-14T06:35:22Z">
          <reporter-output>
          </reporter-output>
        </test-method> <!-- beforeClass -->
        <test-method status="PASS" signature="beforeMethod()[pri:0, instance:BasicConcepts.AnnotationConcepts@5e5792a0]" name="beforeMethod" is-config="true" duration-ms="10268" started-at="2018-03-14T06:35:22Z" finished-at="2018-03-14T06:35:32Z">
          <reporter-output>
          </reporter-output>
        </test-method> <!-- beforeMethod -->
        <test-method status="PASS" signature="f1()[pri:0, instance:BasicConcepts.AnnotationConcepts@5e5792a0]" name="f1" duration-ms="2026" started-at="2018-03-14T06:35:32Z" finished-at="2018-03-14T06:35:34Z">
          <reporter-output>
          </reporter-output>
        </test-method> <!-- f1 -->
        <test-method status="PASS" signature="afterMethod()[pri:0, instance:BasicConcepts.AnnotationConcepts@5e5792a0]" name="afterMethod" is-config="true" duration-ms="2" started-at="2018-03-14T06:35:34Z" finished-at="2018-03-14T06:35:34Z">
          <reporter-output>
          </reporter-output>
        </test-method> <!-- afterMethod -->
        <test-method status="PASS" signature="beforeMethod()[pri:0, instance:BasicConcepts.AnnotationConcepts@5e5792a0]" name="beforeMethod" is-config="true" duration-ms="4749" started-at="2018-03-14T06:35:34Z" finished-at="2018-03-14T06:35:39Z">
          <reporter-output>
          </reporter-output>
        </test-method> <!-- beforeMethod -->
        <test-method status="PASS" signature="f2()[pri:0, instance:BasicConcepts.AnnotationConcepts@5e5792a0]" name="f2" duration-ms="12567" started-at="2018-03-14T06:35:39Z" finished-at="2018-03-14T06:35:51Z">
          <reporter-output>
          </reporter-output>
        </test-method> <!-- f2 -->
        <test-method status="PASS" signature="afterMethod()[pri:0, instance:BasicConcepts.AnnotationConcepts@5e5792a0]" name="afterMethod" is-config="true" duration-ms="0" started-at="2018-03-14T06:35:51Z" finished-at="2018-03-14T06:35:51Z">
          <reporter-output>
          </reporter-output>
        </test-method> <!-- afterMethod -->
        <test-method status="PASS" signature="beforeMethod()[pri:0, instance:BasicConcepts.AnnotationConcepts@5e5792a0]" name="beforeMethod" is-config="true" duration-ms="4808" started-at="2018-03-14T06:35:51Z" finished-at="2018-03-14T06:35:56Z">
          <reporter-output>
          </reporter-output>
        </test-method> <!-- beforeMethod -->
        <test-method status="PASS" signature="f3()[pri:0, instance:BasicConcepts.AnnotationConcepts@5e5792a0]" name="f3" duration-ms="9963" started-at="2018-03-14T06:35:56Z" finished-at="2018-03-14T06:36:06Z">
          <reporter-output>
          </reporter-output>
        </test-method> <!-- f3 -->
        <test-method status="PASS" signature="afterClass()[pri:0, instance:BasicConcepts.AnnotationConcepts@5e5792a0]" name="afterClass" is-config="true" duration-ms="0" started-at="2018-03-14T06:36:06Z" finished-at="2018-03-14T06:36:06Z">
          <reporter-output>
          </reporter-output>
        </test-method> <!-- afterClass -->
        <test-method status="PASS" signature="afterTest()[pri:0, instance:BasicConcepts.AnnotationConcepts@5e5792a0]" name="afterTest" is-config="true" duration-ms="0" started-at="2018-03-14T06:36:06Z" finished-at="2018-03-14T06:36:06Z">
          <reporter-output>
          </reporter-output>
        </test-method> <!-- afterTest -->
        <test-method status="PASS" signature="afterMethod()[pri:0, instance:BasicConcepts.AnnotationConcepts@5e5792a0]" name="afterMethod" is-config="true" duration-ms="0" started-at="2018-03-14T06:36:06Z" finished-at="2018-03-14T06:36:06Z">
          <reporter-output>
          </reporter-output>
        </test-method> <!-- afterMethod -->
        <test-method status="PASS" signature="afterSuite()[pri:0, instance:BasicConcepts.AnnotationConcepts@5e5792a0]" name="afterSuite" is-config="true" duration-ms="1156" started-at="2018-03-14T06:36:06Z" finished-at="2018-03-14T06:36:07Z">
          <reporter-output>
          </reporter-output>
        </test-method> <!-- afterSuite -->
      </class> <!-- BasicConcepts.AnnotationConcepts -->
    </test> <!-- Default test -->
  </suite> <!-- Default suite -->
</testng-results>
