<?xml version="1.0" encoding="UTF-8"?>
<testng-results skipped="0" failed="0" ignored="0" total="1" passed="1">
  <reporter-output>
  </reporter-output>
  <suite name="Default suite" duration-ms="16" started-at="2018-03-05T11:12:05Z" finished-at="2018-03-05T11:12:05Z">
    <groups>
    </groups>
    <test name="Default test" duration-ms="16" started-at="2018-03-05T11:12:05Z" finished-at="2018-03-05T11:12:05Z">
      <class name="TestBasicConcepts.TestBasicConcepts">
        <test-method status="PASS" signature="testmethod()[pri:0, instance:TestBasicConcepts.TestBasicConcepts@56f4468b]" name="testmethod" duration-ms="0" started-at="2018-03-05T16:42:05Z" finished-at="2018-03-05T16:42:05Z">
          <reporter-output>
          </reporter-output>
        </test-method> <!-- testmethod -->
      </class> <!-- TestBasicConcepts.TestBasicConcepts -->
    </test> <!-- Default test -->
  </suite> <!-- Default suite -->
</testng-results>
